TN:
SF:src\errors\AppError.js
FN:2,(anonymous_0)
FN:12,(anonymous_1)
FN:18,(anonymous_2)
FN:24,(anonymous_3)
FN:30,(anonymous_4)
FN:36,(anonymous_5)
FN:42,(anonymous_6)
FNF:7
FNH:6
FNDA:16,(anonymous_0)
FNDA:3,(anonymous_1)
FNDA:8,(anonymous_2)
FNDA:2,(anonymous_3)
FNDA:2,(anonymous_4)
FNDA:0,(anonymous_5)
FNDA:1,(anonymous_6)
DA:3,16
DA:4,16
DA:5,16
DA:6,16
DA:7,16
DA:13,3
DA:19,8
DA:25,2
DA:31,2
DA:37,0
DA:43,1
DA:47,3
LF:12
LH:11
BRDA:2,0,0,12
BRDA:12,1,0,0
BRDA:12,2,0,0
BRDA:18,3,0,0
BRDA:24,4,0,0
BRDA:30,5,0,0
BRDA:36,6,0,0
BRF:7
BRH:1
end_of_record
TN:
SF:src\jobs\orderHistoryCleanup.js
FN:8,cleanupExpiredHistory
FN:30,start
FN:31,(anonymous_2)
FNF:3
FNH:0
FNDA:0,cleanupExpiredHistory
FNDA:0,start
FNDA:0,(anonymous_2)
DA:1,0
DA:2,0
DA:3,0
DA:5,0
DA:6,0
DA:10,0
DA:11,0
DA:12,0
DA:13,0
DA:17,0
DA:18,0
DA:20,0
DA:21,0
DA:25,0
DA:26,0
DA:31,0
DA:32,0
DA:33,0
DA:35,0
DA:38,0
LF:20
LH:0
BRDA:5,0,0,0
BRDA:5,0,1,0
BRDA:6,1,0,0
BRDA:6,1,1,0
BRDA:25,2,0,0
BRDA:25,2,1,0
BRF:6
BRH:0
end_of_record
TN:
SF:src\jobs\__tests__\orderHistoryCleanup.test.js
FN:3,(anonymous_0)
FN:7,(anonymous_1)
FN:13,(anonymous_2)
FN:15,(anonymous_3)
FN:16,(anonymous_4)
FN:28,(anonymous_5)
FN:38,(anonymous_6)
FNF:7
FNH:0
FNDA:0,(anonymous_0)
FNDA:0,(anonymous_1)
FNDA:0,(anonymous_2)
FNDA:0,(anonymous_3)
FNDA:0,(anonymous_4)
FNDA:0,(anonymous_5)
FNDA:0,(anonymous_6)
DA:1,0
DA:3,0
DA:4,0
DA:7,0
DA:10,0
DA:11,0
DA:13,0
DA:15,0
DA:16,0
DA:17,0
DA:19,0
DA:20,0
DA:22,0
DA:25,0
DA:28,0
DA:29,0
DA:31,0
DA:32,0
DA:34,0
DA:35,0
DA:38,0
DA:39,0
DA:41,0
DA:42,0
DA:44,0
DA:45,0
LF:26
LH:0
BRF:0
BRH:0
end_of_record
TN:
SF:src\middleware\auth.js
FN:7,(anonymous_0)
FN:44,(anonymous_1)
FN:44,(anonymous_2)
FNF:3
FNH:3
FNDA:6,(anonymous_0)
FNDA:4,(anonymous_1)
FNDA:3,(anonymous_2)
DA:1,2
DA:2,2
DA:7,2
DA:8,6
DA:9,6
DA:10,6
DA:11,2
DA:14,4
DA:15,1
DA:18,3
DA:19,3
DA:21,3
DA:22,1
DA:23,1
DA:25,0
DA:28,2
DA:31,2
DA:32,1
DA:35,1
DA:37,5
DA:44,4
DA:45,3
DA:46,3
DA:47,1
DA:50,2
DA:51,2
DA:52,1
DA:55,1
DA:57,2
DA:61,2
LF:30
LH:29
BRDA:10,0,0,2
BRDA:10,0,1,4
BRDA:14,1,0,1
BRDA:14,1,1,3
BRDA:21,2,0,1
BRDA:21,2,1,2
BRDA:22,3,0,1
BRDA:22,3,1,0
BRDA:31,4,0,1
BRDA:31,4,1,1
BRDA:31,5,0,2
BRDA:31,5,1,1
BRDA:46,6,0,1
BRDA:46,6,1,2
BRDA:51,7,0,1
BRDA:51,7,1,1
BRF:16
BRH:15
end_of_record
TN:
SF:src\middleware\cache.js
FN:16,cacheMiddleware
FN:19,(anonymous_1)
FN:57,noCache
FNF:3
FNH:3
FNDA:6,cacheMiddleware
FNDA:6,(anonymous_1)
FNDA:10,noCache
DA:17,6
DA:19,6
DA:21,6
DA:22,0
DA:23,0
DA:26,6
DA:28,6
DA:29,6
DA:31,6
DA:33,2
DA:34,2
DA:35,1
DA:38,1
DA:43,5
DA:44,5
DA:46,5
DA:49,0
DA:58,10
DA:59,10
DA:62,2
LF:20
LH:17
BRDA:16,0,0,0
BRDA:17,1,0,0
BRDA:17,2,0,6
BRDA:21,3,0,0
BRDA:21,3,1,6
BRDA:28,4,0,6
BRDA:28,4,1,0
BRDA:31,5,0,2
BRDA:31,5,1,4
BRDA:34,6,0,1
BRDA:34,6,1,1
BRDA:34,7,0,2
BRDA:34,7,1,1
BRDA:43,8,0,5
BRDA:43,8,1,0
BRF:15
BRH:10
end_of_record
TN:
SF:src\middleware\errorHandler.js
FN:5,(anonymous_0)
FNF:1
FNH:1
FNDA:4,(anonymous_0)
DA:1,1
DA:2,1
DA:5,1
DA:6,4
DA:9,4
DA:10,4
DA:15,4
DA:25,0
DA:26,0
DA:31,0
DA:32,0
DA:33,0
DA:38,0
DA:46,0
DA:56,0
DA:62,1
LF:16
LH:8
BRDA:6,0,0,4
BRDA:6,0,1,0
BRDA:9,1,0,4
BRDA:9,1,1,0
BRDA:19,2,0,4
BRDA:19,2,1,1
BRDA:25,3,0,0
BRDA:25,3,1,0
BRDA:25,4,0,0
BRDA:25,4,1,0
BRDA:32,5,0,0
BRDA:32,5,1,0
BRF:12
BRH:4
end_of_record
TN:
SF:src\middleware\requestId.js
FN:3,(anonymous_0)
FNF:1
FNH:1
FNDA:8,(anonymous_0)
DA:1,1
DA:3,1
DA:4,8
DA:5,8
DA:6,8
DA:9,1
LF:6
LH:6
BRDA:4,0,0,8
BRDA:4,0,1,8
BRF:2
BRH:2
end_of_record
TN:
SF:src\middleware\validate.js
FN:8,(anonymous_0)
FN:8,(anonymous_1)
FN:13,(anonymous_2)
FNF:3
FNH:3
FNDA:2,(anonymous_0)
FNDA:5,(anonymous_1)
FNDA:5,(anonymous_2)
DA:1,1
DA:8,2
DA:9,5
DA:10,5
DA:12,5
DA:13,5
DA:17,3
DA:20,2
DA:21,2
DA:24,1
LF:10
LH:10
BRDA:8,0,0,2
BRDA:12,1,0,3
BRDA:12,1,1,2
BRF:3
BRH:3
end_of_record
TN:
SF:src\routes\auth.js
FN:15,(anonymous_0)
FN:34,(anonymous_1)
FN:50,(anonymous_2)
FNF:3
FNH:2
FNDA:1,(anonymous_0)
FNDA:1,(anonymous_1)
FNDA:0,(anonymous_2)
DA:1,1
DA:2,1
DA:3,1
DA:4,1
DA:5,1
DA:6,1
DA:12,1
DA:16,1
DA:17,1
DA:18,1
DA:19,1
DA:20,1
DA:22,0
DA:31,1
DA:35,1
DA:36,1
DA:37,1
DA:38,1
DA:39,1
DA:41,0
DA:50,1
DA:51,0
DA:54,1
LF:23
LH:20
BRF:0
BRH:0
end_of_record
TN:
SF:src\routes\menu.js
FN:25,(anonymous_0)
FN:42,(anonymous_1)
FN:42,(anonymous_2)
FN:48,(anonymous_3)
FN:58,(anonymous_4)
FN:62,(anonymous_5)
FN:74,(anonymous_6)
FN:74,(anonymous_7)
FN:87,(anonymous_8)
FN:98,(anonymous_9)
FN:109,(anonymous_10)
FN:125,(anonymous_11)
FN:136,(anonymous_12)
FN:151,(anonymous_13)
FN:173,(anonymous_14)
FN:185,(anonymous_15)
FN:196,(anonymous_16)
FN:208,(anonymous_17)
FN:219,(anonymous_18)
FN:233,(anonymous_19)
FNF:20
FNH:13
FNDA:0,(anonymous_0)
FNDA:0,(anonymous_1)
FNDA:0,(anonymous_2)
FNDA:0,(anonymous_3)
FNDA:4,(anonymous_4)
FNDA:2,(anonymous_5)
FNDA:24,(anonymous_6)
FNDA:12,(anonymous_7)
FNDA:1,(anonymous_8)
FNDA:1,(anonymous_9)
FNDA:1,(anonymous_10)
FNDA:2,(anonymous_11)
FNDA:0,(anonymous_12)
FNDA:2,(anonymous_13)
FNDA:2,(anonymous_14)
FNDA:1,(anonymous_15)
FNDA:1,(anonymous_16)
FNDA:1,(anonymous_17)
FNDA:0,(anonymous_18)
FNDA:0,(anonymous_19)
DA:7,2
DA:8,2
DA:9,2
DA:10,2
DA:11,2
DA:12,2
DA:13,2
DA:14,2
DA:15,2
DA:17,2
DA:22,2
DA:26,0
DA:27,0
DA:29,0
DA:38,2
DA:39,2
DA:42,0
DA:45,2
DA:48,0
DA:58,2
DA:59,4
DA:62,2
DA:63,2
DA:64,2
DA:65,1
DA:67,1
DA:74,24
DA:75,12
DA:83,2
DA:88,1
DA:89,1
DA:94,2
DA:99,1
DA:100,1
DA:105,2
DA:110,1
DA:115,1
DA:120,2
DA:126,2
DA:127,1
DA:132,2
DA:137,0
DA:138,0
DA:147,2
DA:152,2
DA:155,2
DA:157,1
DA:158,1
DA:160,1
DA:163,2
DA:168,2
DA:174,2
DA:175,2
DA:176,1
DA:181,2
DA:186,1
DA:187,1
DA:192,2
DA:197,1
DA:198,1
DA:203,2
DA:209,1
DA:210,1
DA:215,2
DA:220,0
DA:221,0
DA:226,2
DA:234,0
DA:239,0
DA:243,2
LF:70
LH:59
BRDA:26,0,0,0
BRDA:26,0,1,0
BRDA:155,1,0,1
BRDA:155,1,1,1
BRF:4
BRH:2
end_of_record
TN:
SF:src\routes\orderRoutes.js
FN:15,setPrisma
FN:22,verifyStoreAccess
FN:39,(anonymous_2)
FN:72,(anonymous_3)
FN:92,(anonymous_4)
FN:107,(anonymous_5)
FN:136,(anonymous_6)
FN:157,(anonymous_7)
FNF:8
FNH:7
FNDA:10,setPrisma
FNDA:10,verifyStoreAccess
FNDA:4,(anonymous_2)
FNDA:1,(anonymous_3)
FNDA:1,(anonymous_4)
FNDA:2,(anonymous_5)
FNDA:2,(anonymous_6)
FNDA:0,(anonymous_7)
DA:8,2
DA:9,2
DA:10,2
DA:11,2
DA:16,10
DA:23,10
DA:24,1
DA:28,1
DA:30,9
DA:39,2
DA:40,4
DA:41,4
DA:43,3
DA:44,3
DA:45,2
DA:51,1
DA:52,1
DA:54,1
DA:55,1
DA:57,0
DA:61,0
DA:62,0
DA:64,0
DA:72,2
DA:73,1
DA:74,1
DA:76,1
DA:77,1
DA:78,1
DA:80,1
DA:82,0
DA:92,2
DA:93,1
DA:94,1
DA:96,1
DA:97,1
DA:99,0
DA:107,2
DA:108,2
DA:109,2
DA:111,2
DA:112,2
DA:113,1
DA:119,1
DA:120,1
DA:122,1
DA:123,1
DA:125,0
DA:128,0
DA:136,2
DA:137,2
DA:138,2
DA:140,2
DA:141,2
DA:143,2
DA:144,1
DA:146,1
DA:149,0
DA:157,2
DA:158,0
DA:159,0
DA:161,0
DA:162,0
DA:163,0
DA:164,0
DA:166,0
DA:171,0
DA:173,0
DA:177,2
LF:69
LH:51
BRDA:23,0,0,1
BRDA:23,0,1,9
BRDA:23,1,0,10
BRDA:23,1,1,10
BRDA:41,2,0,1
BRDA:41,2,1,3
BRDA:44,3,0,2
BRDA:44,3,1,1
BRDA:54,4,0,1
BRDA:54,4,1,0
BRDA:61,5,0,0
BRDA:61,5,1,0
BRDA:61,6,0,0
BRDA:61,6,1,0
BRDA:74,7,0,0
BRDA:74,7,1,1
BRDA:94,8,0,0
BRDA:94,8,1,1
BRDA:109,9,0,0
BRDA:109,9,1,2
BRDA:112,10,0,1
BRDA:112,10,1,1
BRDA:122,11,0,1
BRDA:122,11,1,0
BRDA:138,12,0,0
BRDA:138,12,1,2
BRDA:143,13,0,1
BRDA:143,13,1,1
BRDA:159,14,0,0
BRDA:159,14,1,0
BRDA:163,15,0,0
BRDA:163,15,1,0
BRDA:164,16,0,0
BRDA:164,16,1,0
BRDA:168,17,0,0
BRDA:168,17,1,0
BRF:36
BRH:18
end_of_record
TN:
SF:src\routes\sseRoutes.js
FN:16,(anonymous_0)
FNF:1
FNH:0
FNDA:0,(anonymous_0)
DA:8,2
DA:9,2
DA:10,2
DA:16,2
DA:18,0
DA:19,0
DA:25,0
DA:28,0
DA:30,0
DA:33,2
LF:10
LH:5
BRDA:18,0,0,0
BRDA:18,0,1,0
BRDA:18,1,0,0
BRDA:18,1,1,0
BRF:4
BRH:0
end_of_record
TN:
SF:src\routes\table.js
FN:6,(anonymous_0)
FN:16,(anonymous_1)
FN:33,(anonymous_2)
FN:50,(anonymous_3)
FN:60,(anonymous_4)
FNF:5
FNH:0
FNDA:0,(anonymous_0)
FNDA:0,(anonymous_1)
FNDA:0,(anonymous_2)
FNDA:0,(anonymous_3)
FNDA:0,(anonymous_4)
DA:1,1
DA:2,1
DA:3,1
DA:6,1
DA:7,0
DA:8,0
DA:9,0
DA:11,0
DA:16,1
DA:17,0
DA:18,0
DA:19,0
DA:20,0
DA:22,0
DA:23,0
DA:25,0
DA:26,0
DA:28,0
DA:33,1
DA:34,0
DA:35,0
DA:36,0
DA:38,0
DA:39,0
DA:45,0
DA:50,1
DA:51,0
DA:52,0
DA:53,0
DA:55,0
DA:60,1
DA:61,0
DA:62,0
DA:63,0
DA:68,0
DA:70,0
DA:74,1
LF:37
LH:9
BRDA:19,0,0,0
BRDA:19,0,1,0
BRDA:19,1,0,0
BRDA:19,1,1,0
BRDA:22,2,0,0
BRDA:22,2,1,0
BRDA:22,3,0,0
BRDA:22,3,1,0
BRDA:38,4,0,0
BRDA:38,4,1,0
BRF:10
BRH:0
end_of_record
TN:
SF:src\routes\__tests__\table.test.js
FN:5,(anonymous_0)
FN:15,createApp
FN:19,(anonymous_2)
FN:25,(anonymous_3)
FN:27,(anonymous_4)
FN:28,(anonymous_5)
FN:36,(anonymous_6)
FN:37,(anonymous_7)
FN:45,(anonymous_8)
FN:52,(anonymous_9)
FN:59,(anonymous_10)
FN:69,(anonymous_11)
FN:70,(anonymous_12)
FN:77,(anonymous_13)
FN:86,(anonymous_14)
FN:87,(anonymous_15)
FN:93,(anonymous_16)
FN:101,(anonymous_17)
FN:102,(anonymous_18)
FN:109,(anonymous_19)
FNF:20
FNH:0
FNDA:0,(anonymous_0)
FNDA:0,createApp
FNDA:0,(anonymous_2)
FNDA:0,(anonymous_3)
FNDA:0,(anonymous_4)
FNDA:0,(anonymous_5)
FNDA:0,(anonymous_6)
FNDA:0,(anonymous_7)
FNDA:0,(anonymous_8)
FNDA:0,(anonymous_9)
FNDA:0,(anonymous_10)
FNDA:0,(anonymous_11)
FNDA:0,(anonymous_12)
FNDA:0,(anonymous_13)
FNDA:0,(anonymous_14)
FNDA:0,(anonymous_15)
FNDA:0,(anonymous_16)
FNDA:0,(anonymous_17)
FNDA:0,(anonymous_18)
FNDA:0,(anonymous_19)
DA:1,0
DA:2,0
DA:3,0
DA:5,0
DA:13,0
DA:16,0
DA:17,0
DA:18,0
DA:19,0
DA:20,0
DA:22,0
DA:25,0
DA:27,0
DA:28,0
DA:29,0
DA:30,0
DA:31,0
DA:32,0
DA:36,0
DA:37,0
DA:38,0
DA:39,0
DA:42,0
DA:45,0
DA:46,0
DA:49,0
DA:52,0
DA:53,0
DA:56,0
DA:59,0
DA:60,0
DA:61,0
DA:62,0
DA:65,0
DA:69,0
DA:70,0
DA:71,0
DA:72,0
DA:73,0
DA:74,0
DA:77,0
DA:78,0
DA:79,0
DA:80,0
DA:81,0
DA:82,0
DA:86,0
DA:87,0
DA:88,0
DA:89,0
DA:90,0
DA:93,0
DA:94,0
DA:95,0
DA:96,0
DA:97,0
DA:101,0
DA:102,0
DA:103,0
DA:104,0
DA:105,0
DA:106,0
DA:109,0
DA:110,0
DA:111,0
DA:113,0
DA:114,0
LF:67
LH:0
BRDA:20,0,0,0
BRDA:20,0,1,0
BRF:2
BRH:0
end_of_record
TN:
SF:src\services\authService.js
FN:19,(anonymous_0)
FN:79,(anonymous_1)
FN:128,(anonymous_2)
FN:143,(anonymous_3)
FN:150,(anonymous_4)
FN:182,(anonymous_5)
FNF:6
FNH:5
FNDA:6,(anonymous_0)
FNDA:3,(anonymous_1)
FNDA:6,(anonymous_2)
FNDA:0,(anonymous_3)
FNDA:6,(anonymous_4)
FNDA:5,(anonymous_5)
DA:1,2
DA:2,2
DA:3,2
DA:4,2
DA:5,2
DA:7,2
DA:9,2
DA:10,2
DA:11,2
DA:12,2
DA:13,2
DA:21,6
DA:22,6
DA:23,1
DA:27,5
DA:30,5
DA:31,1
DA:35,4
DA:36,4
DA:39,3
DA:40,3
DA:41,1
DA:42,1
DA:44,2
DA:47,2
DA:50,2
DA:51,1
DA:57,2
DA:69,2
DA:73,2
DA:81,3
DA:82,3
DA:83,0
DA:87,3
DA:90,3
DA:91,1
DA:95,2
DA:96,2
DA:99,2
DA:100,2
DA:101,1
DA:102,1
DA:104,1
DA:107,1
DA:118,1
DA:122,1
DA:129,6
DA:130,6
DA:131,3
DA:133,3
DA:134,2
DA:136,1
DA:144,0
DA:151,6
DA:153,6
DA:161,6
DA:162,1
DA:167,1
DA:168,1
DA:171,1
DA:172,1
DA:173,1
DA:183,5
DA:189,2
LF:64
LH:62
BRDA:10,0,0,2
BRDA:10,0,1,1
BRDA:11,1,0,2
BRDA:11,1,1,1
BRDA:12,2,0,2
BRDA:12,2,1,1
BRDA:13,3,0,2
BRDA:13,3,1,1
BRDA:22,4,0,1
BRDA:22,4,1,5
BRDA:22,5,0,6
BRDA:22,5,1,5
BRDA:30,6,0,1
BRDA:30,6,1,4
BRDA:30,7,0,5
BRDA:30,7,1,4
BRDA:40,8,0,1
BRDA:40,8,1,2
BRDA:50,9,0,1
BRDA:50,9,1,1
BRDA:82,10,0,0
BRDA:82,10,1,3
BRDA:82,11,0,3
BRDA:82,11,1,3
BRDA:90,12,0,1
BRDA:90,12,1,2
BRDA:90,13,0,3
BRDA:90,13,1,2
BRDA:100,14,0,1
BRDA:100,14,1,1
BRDA:133,15,0,2
BRDA:133,15,1,1
BRDA:161,16,0,1
BRDA:161,16,1,5
BRDA:167,17,0,1
BRDA:167,17,1,0
BRDA:171,18,0,1
BRDA:171,18,1,0
BRF:38
BRH:35
end_of_record
TN:
SF:src\services\fileUploadService.js
FN:28,validateMagicBytes
FN:32,(anonymous_1)
FN:40,validateFile
FN:65,ensureDirectory
FN:74,saveImage
FN:121,deleteImage
FNF:6
FNH:6
FNDA:6,validateMagicBytes
FNDA:5,(anonymous_1)
FNDA:6,validateFile
FNDA:3,ensureDirectory
FNDA:2,saveImage
FNDA:2,deleteImage
DA:7,3
DA:8,3
DA:9,3
DA:10,3
DA:11,3
DA:13,3
DA:15,3
DA:16,3
DA:17,3
DA:20,3
DA:29,6
DA:30,6
DA:32,5
DA:33,5
DA:41,6
DA:42,2
DA:45,4
DA:46,1
DA:49,3
DA:50,1
DA:54,2
DA:55,2
DA:57,1
DA:58,1
DA:66,3
DA:67,2
DA:76,2
DA:79,2
DA:81,1
DA:82,1
DA:84,1
DA:88,1
DA:91,1
DA:92,1
DA:95,1
DA:96,1
DA:97,1
DA:100,1
DA:101,0
DA:105,1
DA:108,1
DA:109,1
DA:114,1
DA:115,1
DA:122,2
DA:124,1
DA:125,1
DA:126,1
DA:129,1
DA:130,1
DA:131,0
DA:132,0
DA:135,1
DA:136,1
DA:137,1
DA:140,0
DA:144,3
LF:57
LH:53
BRDA:15,0,0,3
BRDA:15,0,1,3
BRDA:16,1,0,3
BRDA:16,1,1,3
BRDA:17,2,0,3
BRDA:17,2,1,3
BRDA:30,3,0,1
BRDA:30,3,1,5
BRDA:41,4,0,2
BRDA:41,4,1,4
BRDA:45,5,0,1
BRDA:45,5,1,3
BRDA:49,6,0,1
BRDA:49,6,1,2
BRDA:55,7,0,1
BRDA:55,7,1,1
BRDA:66,8,0,2
BRDA:66,8,1,1
BRDA:79,9,0,1
BRDA:79,9,1,1
BRDA:81,10,0,1
BRDA:81,10,1,0
BRDA:81,11,0,1
BRDA:81,11,1,1
BRDA:95,12,0,0
BRDA:95,12,1,1
BRDA:100,13,0,0
BRDA:100,13,1,1
BRDA:122,14,0,1
BRDA:122,14,1,1
BRDA:130,15,0,0
BRDA:130,15,1,1
BRDA:135,16,0,1
BRDA:135,16,1,0
BRF:34
BRH:29
end_of_record
TN:
SF:src\services\menuService.js
FN:21,getMenusETag
FN:45,getMenuDetailETag
FN:53,getCategoriesByStore
FN:64,(anonymous_3)
FN:71,createCategory
FN:103,updateCategory
FN:141,deleteCategory
FN:160,updateCategoryOrder
FN:162,(anonymous_8)
FN:172,(anonymous_9)
FN:187,getMenusByStore
FN:200,(anonymous_11)
FN:207,getMenusByStoreAdmin
FN:224,(anonymous_13)
FN:231,getMenuDetail
FN:248,createMenu
FN:294,updateMenu
FN:346,deleteMenu
FN:365,updateMenuOrder
FN:366,(anonymous_19)
FN:376,(anonymous_20)
FNF:21
FNH:20
FNDA:2,getMenusETag
FNDA:0,getMenuDetailETag
FNDA:1,getCategoriesByStore
FNDA:2,(anonymous_3)
FNDA:4,createCategory
FNDA:2,updateCategory
FNDA:2,deleteCategory
FNDA:2,updateCategoryOrder
FNDA:4,(anonymous_8)
FNDA:2,(anonymous_9)
FNDA:1,getMenusByStore
FNDA:1,(anonymous_11)
FNDA:1,getMenusByStoreAdmin
FNDA:1,(anonymous_13)
FNDA:3,getMenuDetail
FNDA:3,createMenu
FNDA:2,updateMenu
FNDA:2,deleteMenu
FNDA:1,updateMenuOrder
FNDA:2,(anonymous_19)
FNDA:2,(anonymous_20)
DA:8,3
DA:9,3
DA:10,3
DA:12,3
DA:22,2
DA:35,2
DA:36,2
DA:37,2
DA:39,2
DA:46,0
DA:54,1
DA:64,2
DA:72,4
DA:75,4
DA:81,4
DA:82,2
DA:86,2
DA:87,2
DA:88,1
DA:92,1
DA:95,2
DA:99,2
DA:100,2
DA:104,2
DA:107,2
DA:108,1
DA:111,1
DA:113,1
DA:114,1
DA:115,1
DA:122,1
DA:123,0
DA:125,1
DA:128,1
DA:129,0
DA:132,1
DA:137,1
DA:138,1
DA:142,2
DA:145,2
DA:146,0
DA:149,2
DA:152,2
DA:153,1
DA:156,1
DA:157,1
DA:162,4
DA:163,2
DA:167,2
DA:168,1
DA:171,1
DA:173,2
DA:180,1
DA:188,1
DA:199,1
DA:200,1
DA:208,1
DA:209,1
DA:210,0
DA:213,1
DA:223,1
DA:224,1
DA:232,3
DA:237,3
DA:238,0
DA:241,3
DA:242,1
DA:245,2
DA:249,3
DA:252,3
DA:255,3
DA:256,1
DA:260,2
DA:268,2
DA:269,1
DA:273,1
DA:277,1
DA:279,1
DA:290,1
DA:291,1
DA:295,2
DA:298,2
DA:299,1
DA:302,1
DA:303,1
DA:304,1
DA:307,1
DA:308,0
DA:311,0
DA:312,0
DA:314,0
DA:318,1
DA:319,1
DA:328,1
DA:329,0
DA:333,1
DA:334,1
DA:335,1
DA:337,1
DA:342,1
DA:343,1
DA:347,2
DA:350,2
DA:351,0
DA:353,2
DA:354,1
DA:357,1
DA:362,1
DA:366,2
DA:367,1
DA:371,1
DA:372,0
DA:375,1
DA:377,2
DA:384,1
DA:387,3
LF:116
LH:103
BRDA:35,0,0,2
BRDA:35,0,1,1
BRDA:36,1,0,2
BRDA:36,1,1,1
BRDA:39,2,0,1
BRDA:39,2,1,1
BRDA:81,3,0,2
BRDA:81,3,1,2
BRDA:87,4,0,1
BRDA:87,4,1,1
BRDA:87,5,0,2
BRDA:87,5,1,1
BRDA:92,6,0,1
BRDA:92,6,1,0
BRDA:107,7,0,1
BRDA:107,7,1,1
BRDA:113,8,0,1
BRDA:113,8,1,0
BRDA:122,9,0,0
BRDA:122,9,1,1
BRDA:128,10,0,0
BRDA:128,10,1,1
BRDA:145,11,0,0
BRDA:145,11,1,2
BRDA:152,12,0,1
BRDA:152,12,1,1
BRDA:167,13,0,1
BRDA:167,13,1,1
BRDA:209,14,0,0
BRDA:209,14,1,1
BRDA:231,15,0,1
BRDA:237,16,0,0
BRDA:237,16,1,3
BRDA:241,17,0,1
BRDA:241,17,1,2
BRDA:241,18,0,3
BRDA:241,18,1,2
BRDA:255,19,0,1
BRDA:255,19,1,2
BRDA:268,20,0,1
BRDA:268,20,1,1
BRDA:277,21,0,1
BRDA:277,21,1,0
BRDA:285,22,0,1
BRDA:285,22,1,1
BRDA:298,23,0,1
BRDA:298,23,1,1
BRDA:303,24,0,1
BRDA:303,24,1,1
BRDA:304,25,0,1
BRDA:304,25,1,0
BRDA:307,26,0,0
BRDA:307,26,1,1
BRDA:307,27,0,1
BRDA:307,27,1,0
BRDA:311,28,0,0
BRDA:311,28,1,0
BRDA:318,29,0,1
BRDA:318,29,1,0
BRDA:318,30,0,1
BRDA:318,30,1,0
BRDA:318,30,2,0
BRDA:328,31,0,0
BRDA:328,31,1,1
BRDA:333,32,0,1
BRDA:333,32,1,0
BRDA:334,33,0,1
BRDA:334,33,1,0
BRDA:335,34,0,0
BRDA:335,34,1,1
BRDA:350,35,0,0
BRDA:350,35,1,2
BRDA:353,36,0,1
BRDA:353,36,1,1
BRDA:371,37,0,0
BRDA:371,37,1,1
BRF:76
BRH:54
end_of_record
TN:
SF:src\services\orderQueueService.js
FN:21,withTimeout
FN:22,(anonymous_1)
FN:23,(anonymous_2)
FN:32,(anonymous_3)
FN:36,(anonymous_4)
FN:49,enqueueOrder
FN:64,(anonymous_6)
FN:77,(anonymous_7)
FN:87,getQueueLength
FN:95,clearAllQueues
FNF:10
FNH:10
FNDA:13,withTimeout
FNDA:13,(anonymous_1)
FNDA:1,(anonymous_2)
FNDA:9,(anonymous_3)
FNDA:2,(anonymous_4)
FNDA:60,enqueueOrder
FNDA:10,(anonymous_6)
FNDA:1,(anonymous_7)
FNDA:2,getQueueLength
FNDA:11,clearAllQueues
DA:9,3
DA:10,3
DA:13,3
DA:22,13
DA:23,13
DA:24,1
DA:31,13
DA:33,9
DA:34,9
DA:37,2
DA:38,2
DA:50,60
DA:53,60
DA:54,1
DA:61,59
DA:62,59
DA:64,59
DA:65,10
DA:66,10
DA:68,9
DA:70,9
DA:71,7
DA:77,59
DA:79,59
DA:88,2
DA:89,2
DA:96,11
DA:99,3
LF:28
LH:28
BRDA:50,0,0,60
BRDA:50,0,1,8
BRDA:53,1,0,1
BRDA:53,1,1,59
BRDA:70,2,0,7
BRDA:70,2,1,2
BRDA:89,3,0,0
BRDA:89,3,1,2
BRF:8
BRH:7
end_of_record
TN:
SF:src\services\orderService.js
FN:21,generateOrderNumber
FN:47,createOrder
FN:87,(anonymous_2)
FN:89,(anonymous_3)
FN:91,(anonymous_4)
FN:104,(anonymous_5)
FN:133,getTableOrders
FN:146,getStoreOrders
FN:159,(anonymous_8)
FN:160,(anonymous_9)
FN:177,updateOrderStatus
FN:222,deleteOrder
FN:235,(anonymous_12)
FN:244,(anonymous_13)
FN:260,getOrderHistory
FNF:15
FNH:11
FNDA:1,generateOrderNumber
FNDA:1,createOrder
FNDA:1,(anonymous_2)
FNDA:1,(anonymous_3)
FNDA:1,(anonymous_4)
FNDA:1,(anonymous_5)
FNDA:1,getTableOrders
FNDA:1,getStoreOrders
FNDA:0,(anonymous_8)
FNDA:0,(anonymous_9)
FNDA:1,updateOrderStatus
FNDA:2,deleteOrder
FNDA:1,(anonymous_12)
FNDA:0,(anonymous_13)
FNDA:0,getOrderHistory
DA:9,2
DA:10,2
DA:13,2
DA:22,1
DA:23,1
DA:24,1
DA:26,1
DA:35,1
DA:36,1
DA:37,0
DA:38,0
DA:41,1
DA:49,1
DA:52,1
DA:53,0
DA:60,1
DA:61,1
DA:62,1
DA:65,1
DA:66,0
DA:71,1
DA:72,0
DA:77,1
DA:87,1
DA:88,1
DA:89,1
DA:91,1
DA:92,1
DA:103,1
DA:104,1
DA:114,1
DA:117,1
DA:121,1
DA:127,1
DA:134,1
DA:140,1
DA:148,1
DA:159,1
DA:160,0
DA:161,0
DA:171,1
DA:178,1
DA:182,1
DA:183,0
DA:190,1
DA:191,1
DA:192,0
DA:203,1
DA:209,1
DA:216,1
DA:223,2
DA:228,2
DA:229,1
DA:235,1
DA:236,1
DA:237,1
DA:241,1
DA:244,1
DA:247,1
DA:254,1
DA:261,0
DA:263,0
DA:264,0
DA:265,0
DA:266,0
DA:269,0
DA:274,0
DA:277,2
LF:68
LH:52
BRDA:36,0,0,0
BRDA:36,0,1,1
BRDA:52,1,0,0
BRDA:52,1,1,1
BRDA:65,2,0,0
BRDA:65,2,1,1
BRDA:71,3,0,0
BRDA:71,3,1,1
BRDA:182,4,0,0
BRDA:182,4,1,1
BRDA:191,5,0,0
BRDA:191,5,1,1
BRDA:228,6,0,1
BRDA:228,6,1,1
BRDA:263,7,0,0
BRDA:263,7,1,0
BRDA:265,8,0,0
BRDA:265,8,1,0
BRDA:266,9,0,0
BRDA:266,9,1,0
BRF:20
BRH:8
end_of_record
TN:
SF:src\services\sseService.js
FN:24,subscribe
FN:39,(anonymous_1)
FN:57,(anonymous_2)
FN:71,broadcast
FN:94,removeClient
FN:115,getClientCount
FN:123,clearAllPools
FNF:7
FNH:5
FNDA:14,subscribe
FNDA:0,(anonymous_1)
FNDA:0,(anonymous_2)
FNDA:4,broadcast
FNDA:4,removeClient
FNDA:6,getClientCount
FNDA:13,clearAllPools
DA:10,2
DA:12,2
DA:15,2
DA:25,14
DA:28,14
DA:36,14
DA:39,14
DA:40,0
DA:41,0
DA:43,0
DA:44,0
DA:49,14
DA:50,11
DA:52,14
DA:54,14
DA:57,14
DA:58,0
DA:59,0
DA:62,14
DA:72,4
DA:73,4
DA:74,1
DA:77,3
DA:79,3
DA:80,5
DA:81,5
DA:83,1
DA:84,1
DA:95,4
DA:96,4
DA:98,3
DA:99,3
DA:100,3
DA:101,3
DA:105,3
DA:106,2
DA:116,6
DA:117,6
DA:124,13
DA:125,9
DA:126,11
DA:129,13
DA:132,2
LF:43
LH:37
BRDA:49,0,0,11
BRDA:49,0,1,3
BRDA:73,1,0,1
BRDA:73,1,1,3
BRDA:73,2,0,4
BRDA:73,2,1,3
BRDA:96,3,0,1
BRDA:96,3,1,3
BRDA:99,4,0,3
BRDA:99,4,1,0
BRDA:105,5,0,2
BRDA:105,5,1,1
BRDA:117,6,0,3
BRDA:117,6,1,3
BRF:14
BRH:13
end_of_record
TN:
SF:src\services\tableService.js
FN:4,getTables
FN:19,createTable
FN:37,completeTable
FN:65,(anonymous_3)
FN:73,(anonymous_4)
FN:81,(anonymous_5)
FN:93,(anonymous_6)
FN:112,deleteOrder
FN:122,(anonymous_8)
FN:130,getOrderHistory
FNF:10
FNH:0
FNDA:0,getTables
FNDA:0,createTable
FNDA:0,completeTable
FNDA:0,(anonymous_3)
FNDA:0,(anonymous_4)
FNDA:0,(anonymous_5)
FNDA:0,(anonymous_6)
FNDA:0,deleteOrder
FNDA:0,(anonymous_8)
FNDA:0,getOrderHistory
DA:1,1
DA:2,1
DA:5,0
DA:16,0
DA:20,0
DA:23,0
DA:24,0
DA:25,0
DA:26,0
DA:29,0
DA:30,0
DA:32,0
DA:38,0
DA:41,0
DA:42,0
DA:43,0
DA:44,0
DA:46,0
DA:47,0
DA:48,0
DA:49,0
DA:52,0
DA:55,0
DA:56,0
DA:57,0
DA:58,0
DA:61,0
DA:62,0
DA:63,0
DA:65,0
DA:66,0
DA:71,0
DA:72,0
DA:73,0
DA:81,0
DA:93,0
DA:94,0
DA:95,0
DA:98,0
DA:103,0
DA:109,0
DA:113,0
DA:116,0
DA:117,0
DA:118,0
DA:119,0
DA:122,0
DA:123,0
DA:124,0
DA:127,0
DA:131,0
DA:134,0
DA:135,0
DA:136,0
DA:137,0
DA:140,0
DA:142,0
DA:143,0
DA:145,0
DA:146,0
DA:149,0
DA:155,1
LF:62
LH:3
BRDA:23,0,0,0
BRDA:23,0,1,0
BRDA:41,1,0,0
BRDA:41,1,1,0
BRDA:46,2,0,0
BRDA:46,2,1,0
BRDA:55,3,0,0
BRDA:55,3,1,0
BRDA:62,4,0,0
BRDA:62,4,1,0
BRDA:71,5,0,0
BRDA:71,5,1,0
BRDA:116,6,0,0
BRDA:116,6,1,0
BRDA:130,7,0,0
BRDA:134,8,0,0
BRDA:134,8,1,0
BRDA:142,9,0,0
BRDA:142,9,1,0
BRDA:145,10,0,0
BRDA:145,10,1,0
BRF:21
BRH:0
end_of_record
TN:
SF:src\services\__tests__\tableService.test.js
FN:4,(anonymous_0)
FN:14,(anonymous_1)
FN:17,(anonymous_2)
FN:22,(anonymous_3)
FN:24,(anonymous_4)
FN:25,(anonymous_5)
FN:35,(anonymous_6)
FN:36,(anonymous_7)
FN:44,(anonymous_8)
FN:52,(anonymous_9)
FN:53,(anonymous_10)
FN:60,(anonymous_11)
FN:67,(anonymous_12)
FN:70,(anonymous_13)
FN:87,(anonymous_14)
FN:88,(anonymous_15)
FN:95,(anonymous_16)
FN:97,(anonymous_17)
FN:110,(anonymous_18)
FN:111,(anonymous_19)
FN:118,(anonymous_20)
FN:127,(anonymous_21)
FNF:22
FNH:0
FNDA:0,(anonymous_0)
FNDA:0,(anonymous_1)
FNDA:0,(anonymous_2)
FNDA:0,(anonymous_3)
FNDA:0,(anonymous_4)
FNDA:0,(anonymous_5)
FNDA:0,(anonymous_6)
FNDA:0,(anonymous_7)
FNDA:0,(anonymous_8)
FNDA:0,(anonymous_9)
FNDA:0,(anonymous_10)
FNDA:0,(anonymous_11)
FNDA:0,(anonymous_12)
FNDA:0,(anonymous_13)
FNDA:0,(anonymous_14)
FNDA:0,(anonymous_15)
FNDA:0,(anonymous_16)
FNDA:0,(anonymous_17)
FNDA:0,(anonymous_18)
FNDA:0,(anonymous_19)
FNDA:0,(anonymous_20)
FNDA:0,(anonymous_21)
DA:1,0
DA:4,0
DA:5,0
DA:14,0
DA:17,0
DA:19,0
DA:20,0
DA:22,0
DA:24,0
DA:25,0
DA:26,0
DA:27,0
DA:29,0
DA:30,0
DA:31,0
DA:35,0
DA:36,0
DA:37,0
DA:38,0
DA:40,0
DA:41,0
DA:44,0
DA:45,0
DA:47,0
DA:52,0
DA:53,0
DA:54,0
DA:56,0
DA:60,0
DA:61,0
DA:63,0
DA:67,0
DA:68,0
DA:69,0
DA:70,0
DA:71,0
DA:78,0
DA:81,0
DA:82,0
DA:83,0
DA:87,0
DA:88,0
DA:89,0
DA:91,0
DA:95,0
DA:96,0
DA:97,0
DA:98,0
DA:102,0
DA:105,0
DA:106,0
DA:110,0
DA:111,0
DA:112,0
DA:114,0
DA:118,0
DA:119,0
DA:120,0
DA:121,0
DA:123,0
DA:124,0
DA:127,0
DA:128,0
DA:129,0
DA:131,0
DA:132,0
DA:133,0
LF:67
LH:0
BRF:0
BRH:0
end_of_record
TN:
SF:src\utils\AppError.js
FN:6,(anonymous_0)
FNF:1
FNH:1
FNDA:18,(anonymous_0)
DA:7,18
DA:8,18
DA:9,18
DA:10,18
DA:11,18
DA:15,6
LF:6
LH:6
BRF:0
BRH:0
end_of_record
TN:
SF:src\utils\logger.js
FN:10,(anonymous_0)
FNF:1
FNH:1
FNDA:16,(anonymous_0)
DA:1,3
DA:2,3
DA:3,3
DA:5,3
DA:8,3
DA:10,3
DA:11,16
DA:12,16
DA:13,16
DA:14,64
DA:15,0
DA:18,16
DA:20,16
DA:23,3
DA:48,3
DA:49,3
DA:59,3
LF:17
LH:16
BRDA:11,0,0,16
BRDA:11,0,1,0
BRDA:11,1,0,16
BRDA:11,1,1,16
BRDA:14,2,0,0
BRDA:14,2,1,64
BRDA:24,3,0,3
BRDA:24,3,1,3
BRDA:48,4,0,3
BRDA:48,4,1,0
BRF:10
BRH:7
end_of_record
TN:
SF:src\validators\authSchemas.js
FNF:0
FNH:0
DA:1,1
DA:3,1
DA:10,1
DA:17,1
LF:4
LH:4
BRF:0
BRH:0
end_of_record
TN:
SF:src\validators\menuValidator.js
FN:10,(anonymous_0)
FN:16,(anonymous_1)
FNF:2
FNH:2
FNDA:7,(anonymous_0)
FNDA:3,(anonymous_1)
DA:5,3
DA:10,3
DA:11,7
DA:12,7
DA:13,3
DA:16,3
DA:22,4
DA:26,3
DA:28,3
DA:34,3
DA:40,3
DA:46,3
DA:58,3
DA:72,3
DA:83,3
DA:99,3
DA:119,3
DA:130,3
LF:18
LH:18
BRDA:12,0,0,3
BRDA:12,0,1,4
BRF:2
BRH:2
end_of_record
TN:
SF:src\validators\orderValidators.js
FN:13,validateCreateOrder
FN:41,validateStatusUpdate
FNF:2
FNH:2
FNDA:3,validateCreateOrder
FNDA:2,validateStatusUpdate
DA:6,2
DA:14,3
DA:16,3
DA:17,1
DA:18,1
DA:21,2
DA:22,2
DA:24,2
DA:25,0
DA:28,2
DA:29,1
DA:33,2
DA:42,2
DA:44,2
DA:45,1
DA:48,2
DA:51,2
LF:17
LH:16
BRDA:16,0,0,1
BRDA:16,0,1,2
BRDA:16,1,0,3
BRDA:16,1,1,3
BRDA:16,1,2,3
BRDA:24,2,0,0
BRDA:24,2,1,2
BRDA:24,3,0,2
BRDA:24,3,1,2
BRDA:28,4,0,1
BRDA:28,4,1,1
BRDA:28,5,0,2
BRDA:28,5,1,2
BRDA:44,6,0,1
BRDA:44,6,1,1
BRDA:44,7,0,2
BRDA:44,7,1,2
BRF:17
BRH:16
end_of_record
